<?xml version="1.0" encoding="UTF-8"?>
<!-- Generated by org.testng.reporters.JUnitReportReporter -->
<testsuite hostname="LAPTOP-0CG7VJN0" failures="0" tests="1" name="testCases.InvalidLoginTest" time="0.411" errors="0" timestamp="2025-02-13T16:16:21 IST" skipped="0">
  <testcase classname="testCases.InvalidLoginTest" name="invalidLoginTest" time="0.411"/>
</testsuite> <!-- testCases.InvalidLoginTest -->
