<?xml version="1.0" encoding="UTF-8"?>
<!-- Generated by org.testng.reporters.JUnitReportReporter -->
<testsuite hostname="LAPTOP-0CG7VJN0" failures="0" tests="1" name="testCases.LoginTest" time="0.529" errors="0" timestamp="2024-09-12T18:44:07 IST" skipped="0">
  <testcase classname="testCases.LoginTest" name="loginVerification" time="0.529"/>
</testsuite> <!-- testCases.LoginTest -->
