<?xml version="1.0" encoding="UTF-8"?>
<!-- Generated by org.testng.reporters.JUnitReportReporter -->
<testsuite hostname="LAPTOP-0CG7VJN0" failures="0" tests="1" name="testCases.AddToCart" time="1.732" errors="0" timestamp="2024-09-13T18:29:27 IST" skipped="0">
  <testcase classname="testCases.AddToCart" name="addToCart" time="1.732"/>
</testsuite> <!-- testCases.AddToCart -->
