<?xml version="1.0" encoding="UTF-8"?>
<!-- Generated by org.testng.reporters.JUnitReportReporter -->
<testsuite hostname="LAPTOP-0CG7VJN0" failures="0" tests="1" name="testCases.CartCheckoutTest" time="1.709" errors="0" timestamp="2024-09-13T18:29:27 IST" skipped="0">
  <testcase classname="testCases.CartCheckoutTest" name="cartCheckOut" time="1.709"/>
</testsuite> <!-- testCases.CartCheckoutTest -->
